<?xml version="1.0" encoding="UTF-8"?>
<testsuite name="cashman.atm.CashmanTest" tests="11" skipped="0" failures="0" errors="0" timestamp="2016-11-11T12:32:00" hostname="Bianca-PC" time="0.032">
  <properties/>
  <testcase name="testInsufficientFund" classname="cashman.atm.CashmanTest" time="0.016"/>
  <testcase name="testClear" classname="cashman.atm.CashmanTest" time="0.0"/>
  <testcase name="testWithdrawalWithOption" classname="cashman.atm.CashmanTest" time="0.0"/>
  <testcase name="testAddNewDenomination" classname="cashman.atm.CashmanTest" time="0.0"/>
  <testcase name="negativeWithdrawAmount" classname="cashman.atm.CashmanTest" time="0.0"/>
  <testcase name="testDenominationQuantity" classname="cashman.atm.CashmanTest" time="0.0"/>
  <testcase name="testWithdrawalWithOption50" classname="cashman.atm.CashmanTest" time="0.0"/>
  <testcase name="withdraw30dollar" classname="cashman.atm.CashmanTest" time="0.0"/>
  <testcase name="testFundDenominationTypeCountCorrectandTopUp" classname="cashman.atm.CashmanTest" time="0.0"/>
  <testcase name="testWithdrawal" classname="cashman.atm.CashmanTest" time="0.0"/>
  <testcase name="testwithdrawalatSpecificCondition" classname="cashman.atm.CashmanTest" time="0.016"/>
  <system-out><![CDATA[]]></system-out>
  <system-err><![CDATA[]]></system-err>
</testsuite>
