<?xml version="1.0" encoding="UTF-8"?>
<testsuite name="cashman.enums.DenominationTypeTest" tests="3" skipped="0" failures="0" errors="0" timestamp="2016-11-11T12:32:01" hostname="Bianca-PC" time="0.0">
  <properties/>
  <testcase name="testvaluesBigDecimal" classname="cashman.enums.DenominationTypeTest" time="0.0"/>
  <testcase name="testfindByValue" classname="cashman.enums.DenominationTypeTest" time="0.0"/>
  <testcase name="testType" classname="cashman.enums.DenominationTypeTest" time="0.0"/>
  <system-out><![CDATA[]]></system-out>
  <system-err><![CDATA[]]></system-err>
</testsuite>
