<?xml version="1.0" encoding="UTF-8"?>
<testsuite name="cashman.money.DenominationTest" tests="2" skipped="0" failures="0" errors="0" timestamp="2016-11-11T12:32:01" hostname="Bianca-PC" time="0.0">
  <properties/>
  <testcase name="testgetDenominationValue" classname="cashman.money.DenominationTest" time="0.0"/>
  <testcase name="testCompareTo" classname="cashman.money.DenominationTest" time="0.0"/>
  <system-out><![CDATA[]]></system-out>
  <system-err><![CDATA[]]></system-err>
</testsuite>
